<?xml version="1.0" encoding="UTF-8"?>
<testng-results ignored="0" total="1" passed="1" failed="0" skipped="0">
  <reporter-output>
  </reporter-output>
  <suite started-at="2025-06-01T22:32:44 EDT" name="Default suite" finished-at="2025-06-01T22:32:51 EDT" duration-ms="7746">
    <groups>
    </groups>
    <test started-at="2025-06-01T22:32:44 EDT" name="Default test" finished-at="2025-06-01T22:32:51 EDT" duration-ms="7746">
      <class name="basics">
        <test-method signature="basics()[pri:0, instance:basics@35e2d654]" started-at="2025-06-01T22:32:44 EDT" name="basics" finished-at="2025-06-01T22:32:51 EDT" duration-ms="7715" status="PASS">
          <reporter-output>
          </reporter-output>
        </test-method> <!-- basics -->
      </class> <!-- basics -->
    </test> <!-- Default test -->
  </suite> <!-- Default suite -->
</testng-results>
